#
# There is insufficient memory for the Java Runtime Environment to continue.
# Native memory allocation (malloc) failed to allocate 1048576 bytes for AllocateHeap
# Possible reasons:
#   The system is out of physical RAM or swap space
#   The process is running with CompressedOops enabled, and the Java Heap may be blocking the growth of the native heap
# Possible solutions:
#   Reduce memory load on the system
#   Increase physical memory or swap space
#   Check if swap backing store is full
#   Decrease Java heap size (-Xmx/-Xms)
#   Decrease number of Java threads
#   Decrease Java thread stack sizes (-Xss)
#   Set larger code cache with -XX:ReservedCodeCacheSize=
#   JVM is running with Unscaled Compressed Oops mode in which the Java heap is
#     placed in the first 4GB address space. The Java Heap base address is the
#     maximum limit for the native heap growth. Please use -XX:HeapBaseMinAddress
#     to set the Java Heap base and to place the Java Heap above 4GB virtual address.
# This output file may be truncated or incomplete.
#
#  Out of Memory Error (memory/allocation.inline.hpp:61), pid=17752, tid=0x000000000000460c
#
# JRE version:  (8.0_202-b08) (build )
# Java VM: Java HotSpot(TM) 64-Bit Server VM (25.202-b08 mixed mode windows-amd64 compressed oops)
# Failed to write core dump. Minidumps are not enabled by default on client versions of Windows
#

---------------  T H R E A D  ---------------

Current thread (0x00000000013ce800):  JavaThread "Unknown thread" [_thread_in_vm, id=17932, stack(0x00000000015d0000,0x00000000016d0000)]

Stack: [0x00000000015d0000,0x00000000016d0000]
[error occurred during error reporting (printing stack bounds), id 0xc0000005]

Native frames: (J=compiled Java code, j=interpreted, Vv=VM code, C=native code)


---------------  P R O C E S S  ---------------

Java Threads: ( => current thread )

Other Threads:

=>0x00000000013ce800 (exited) JavaThread "Unknown thread" [_thread_in_vm, id=17932, stack(0x00000000015d0000,0x00000000016d0000)]

VM state:not at safepoint (normal execution)

VM Mutex/Monitor currently owned by a thread: None

heap address: 0x00000000c2c00000, size: 980 MB, Compressed Oops mode: 32-bit
Narrow klass base: 0x0000000000000000, Narrow klass shift: 3
Compressed class space size: 1073741824 Address: 0x0000000100000000

Heap:
 PSYoungGen      total 18432K, used 317K [0x00000000eb980000, 0x00000000ece00000, 0x0000000100000000)
  eden space 15872K, 2% used [0x00000000eb980000,0x00000000eb9cf5d0,0x00000000ec900000)
  from space 2560K, 0% used [0x00000000ecb80000,0x00000000ecb80000,0x00000000ece00000)
  to   space 2560K, 0% used [0x00000000ec900000,0x00000000ec900000,0x00000000ecb80000)
 ParOldGen       total 42496K, used 0K [0x00000000c2c00000, 0x00000000c5580000, 0x00000000eb980000)
  object space 42496K, 0% used [0x00000000c2c00000,0x00000000c2c00000,0x00000000c5580000)
 Metaspace       used 775K, capacity 4480K, committed 4480K, reserved 1056768K
  class space    used 76K, capacity 384K, committed 384K, reserved 1048576K

Card table byte_map: [0x0000000012510000,0x0000000012700000] byte_map_base: 0x0000000011efa000

Marking Bits: (ParMarkBitMap*) 0x000000005e315ce0
 Begin Bits: [0x0000000012a50000, 0x00000000139a0000)
 End Bits:   [0x00000000139a0000, 0x00000000148f0000)

Polling page: 0x00000000016d0000

CodeCache: size=245760Kb used=327Kb max_used=327Kb free=245432Kb
 bounds [0x0000000003150000, 0x00000000033c0000, 0x0000000012150000]
 total_blobs=57 nmethods=0 adapters=38
 compilation: enabled

Compilation events (0 events):
No events

GC Heap History (0 events):
No events

Deoptimization events (0 events):
No events

Classes redefined (0 events):
No events

Internal exceptions (0 events):
No events

Events (10 events):
Event: 5.136 loading class java/lang/Short
Event: 5.136 loading class java/lang/Short done
Event: 5.136 loading class java/lang/Integer
Event: 5.137 loading class java/lang/Integer done
Event: 5.137 loading class java/lang/Long
Event: 5.137 loading class java/lang/Long done
Event: 5.721 loading class java/lang/NullPointerException
Event: 5.737 loading class java/lang/NullPointerException done
Event: 5.737 loading class java/lang/ArithmeticException
Event: 5.737 loading class java/lang/ArithmeticException done


Dynamic libraries:
0x00007ff759bd0000 - 0x00007ff759c07000 	C:\Program Files\Java\jdk1.8.0_202\bin\javaw.exe
0x00007ffae9590000 - 0x00007ffae97a7000 	C:\WINDOWS\SYSTEM32\ntdll.dll
0x00007ffae8b50000 - 0x00007ffae8c14000 	C:\WINDOWS\System32\KERNEL32.DLL
0x00007ffae6d60000 - 0x00007ffae710c000 	C:\WINDOWS\System32\KERNELBASE.dll
0x00007ffae8a90000 - 0x00007ffae8b42000 	C:\WINDOWS\System32\ADVAPI32.dll
0x00007ffae8e10000 - 0x00007ffae8eb7000 	C:\WINDOWS\System32\msvcrt.dll
0x00007ffae8cb0000 - 0x00007ffae8d5a000 	C:\WINDOWS\System32\sechost.dll
0x00007ffae6cb0000 - 0x00007ffae6cd8000 	C:\WINDOWS\System32\bcrypt.dll
0x00007ffae7ac0000 - 0x00007ffae7bd5000 	C:\WINDOWS\System32\RPCRT4.dll
0x00007ffae72d0000 - 0x00007ffae747e000 	C:\WINDOWS\System32\USER32.dll
0x00007ffae68c0000 - 0x00007ffae68e6000 	C:\WINDOWS\System32\win32u.dll
0x00007ffae8c80000 - 0x00007ffae8ca9000 	C:\WINDOWS\System32\GDI32.dll
0x00007ffae6b90000 - 0x00007ffae6ca9000 	C:\WINDOWS\System32\gdi32full.dll
0x00007ffae7110000 - 0x00007ffae71aa000 	C:\WINDOWS\System32\msvcp_win.dll
0x00007ffae71b0000 - 0x00007ffae72c1000 	C:\WINDOWS\System32\ucrtbase.dll
0x00007ffae5aa0000 - 0x00007ffae5d33000 	C:\WINDOWS\WinSxS\amd64_microsoft.windows.common-controls_6595b64144ccf1df_6.0.22621.3672_none_2713b9d173822955\COMCTL32.dll
0x00007ffae9030000 - 0x00007ffae9061000 	C:\WINDOWS\System32\IMM32.DLL
0x000000005e3a0000 - 0x000000005e472000 	C:\Program Files\Java\jdk1.8.0_202\jre\bin\msvcr100.dll
0x000000005daf0000 - 0x000000005e395000 	C:\Program Files\Java\jdk1.8.0_202\jre\bin\server\jvm.dll
0x00007ffae9340000 - 0x00007ffae9348000 	C:\WINDOWS\System32\PSAPI.DLL
0x00007ffad7ed0000 - 0x00007ffad7ed9000 	C:\WINDOWS\SYSTEM32\WSOCK32.dll
0x00007ffae8d90000 - 0x00007ffae8e01000 	C:\WINDOWS\System32\WS2_32.dll
0x00007ffae5180000 - 0x00007ffae51b4000 	C:\WINDOWS\SYSTEM32\WINMM.dll
0x00007ffae2f10000 - 0x00007ffae2f1a000 	C:\WINDOWS\SYSTEM32\VERSION.dll
0x00007ffae60c0000 - 0x00007ffae60cf000 	C:\Program Files\Java\jdk1.8.0_202\jre\bin\verify.dll
0x00007ffae5210000 - 0x00007ffae5239000 	C:\Program Files\Java\jdk1.8.0_202\jre\bin\java.dll
0x00007ffae5810000 - 0x00007ffae5826000 	C:\Program Files\Java\jdk1.8.0_202\jre\bin\zip.dll

VM Arguments:
jvm_args: -Dfile.encoding=UTF-8 -Dstdout.encoding=UTF-8 -Dstderr.encoding=UTF-8 
java_command: Star_Pattern_Practices.Hour_Glass_1
java_class_path (initial): C:\Users\91629\OneDrive\Attachments\Java_Project\bin
Launcher Type: SUN_STANDARD

Environment Variables:
JAVA_HOME=C:\Program Files\Java\jdk1.8.0_202\bin
PATH=C:/Program Files/Java/jdk-20/bin/server;C:/Program Files/Java/jdk-20/bin;C:\Program Files (x86)\Common Files\Oracle\Java\javapath;C:\Program Files\Common Files\Oracle\Java\javapath;C:\WINDOWS\system32;C:\WINDOWS;C:\WINDOWS\System32\Wbem;C:\WINDOWS\System32\WindowsPowerShell\v1.0\;C:\WINDOWS\System32\OpenSSH\;C:\Recovery\OEM\Backup\;C:\Program Files\Java\jdk-20\bin;C:\WINDOWS\system32;C:\WINDOWS;C:\WINDOWS\System32\Wbem;C:\WINDOWS\System32\WindowsPowerShell\v1.0\;C:\WINDOWS\System32\OpenSSH\;C:\Program Files\Java\jdk-20\bin;C:\Program Files\Java\jdk-20;C:\Program Files\Git\cmd;C:\MinGW\bin;C:\mingw64\bin;C:\Program Files\Java\jdk1.8.0_202\bin;C:\Users\91629\AppData\Local\Microsoft\WindowsApps;C:\Program Files\Java\jdk-20\bin;C:\Windows\SysWOW64;C:\Windows\SysWOW64;C:\Users\91629\OneDrive\Desktop\bin;C:\Users\Administrator\ROBOT\IntelliJ IDEA Community Edition 2023.3.1\bin;;C:\Users\91629\AppData\Local\GitHubDesktop\bin;C:\Program Files\Java\jdk1.8.0_202\bin;C:\MinGW\mingw32\bin;C:\MinGW\bin;C:\Program Files\Java\jdk1.8.0_202\bin;C:\msys64\ucrt64\bin;C:\Program Files\Java\jdk1.8.0_202\bin;C:\MinGW\bin;C:\mingw64\bin;C:\Program Files\Java\jdk1.8.0_202\bin;;C:\Users\Administrator;
USERNAME=91629
OS=Windows_NT
PROCESSOR_IDENTIFIER=Intel64 Family 6 Model 122 Stepping 8, GenuineIntel



---------------  S Y S T E M  ---------------

OS: Windows 10.0 , 64 bit Build 22621 (10.0.22621.3672)

CPU:total 2 (initial active 2) (2 cores per cpu, 1 threads per core) family 6 model 122 stepping 8, cmov, cx8, fxsr, mmx, sse, sse2, sse3, ssse3, sse4.1, sse4.2, popcnt, aes, clmul, erms, 3dnowpref, tsc, tscinvbit

Memory: 4k page, physical 4010776k(232728k free), swap 16069400k(856k free)

vm_info: Java HotSpot(TM) 64-Bit Server VM (25.202-b08) for windows-amd64 JRE (1.8.0_202-b08), built on Dec 15 2018 19:54:30 by "java_re" with MS VC++ 10.0 (VS2010)

time: Thu Jul 25 18:59:26 2024
timezone: India Standard Time
elapsed time: 6 seconds (0d 0h 0m 6s)

