#
# There is insufficient memory for the Java Runtime Environment to continue.
# Native memory allocation (malloc) failed to allocate 36160 bytes for Chunk::new
# Possible reasons:
#   The system is out of physical RAM or swap space
#   The process is running with CompressedOops enabled, and the Java Heap may be blocking the growth of the native heap
# Possible solutions:
#   Reduce memory load on the system
#   Increase physical memory or swap space
#   Check if swap backing store is full
#   Decrease Java heap size (-Xmx/-Xms)
#   Decrease number of Java threads
#   Decrease Java thread stack sizes (-Xss)
#   Set larger code cache with -XX:ReservedCodeCacheSize=
#   JVM is running with Unscaled Compressed Oops mode in which the Java heap is
#     placed in the first 4GB address space. The Java Heap base address is the
#     maximum limit for the native heap growth. Please use -XX:HeapBaseMinAddress
#     to set the Java Heap base and to place the Java Heap above 4GB virtual address.
# This output file may be truncated or incomplete.
#
#  Out of Memory Error (allocation.cpp:389), pid=17180, tid=0x00000000000042b4
#
# JRE version: Java(TM) SE Runtime Environment (8.0_202-b08) (build 1.8.0_202-b08)
# Java VM: Java HotSpot(TM) 64-Bit Server VM (25.202-b08 mixed mode windows-amd64 compressed oops)
# Failed to write core dump. Minidumps are not enabled by default on client versions of Windows
#

---------------  T H R E A D  ---------------

Current thread (0x0000000002aae800):  JavaThread "main" [_thread_in_native, id=17076, stack(0x0000000002790000,0x0000000002890000)]

Stack: [0x0000000002790000,0x0000000002890000]
[error occurred during error reporting (printing stack bounds), id 0xc0000005]

Native frames: (J=compiled Java code, j=interpreted, Vv=VM code, C=native code)

Java frames: (J=compiled Java code, j=interpreted, Vv=VM code)
j  sun.util.locale.provider.NumberFormatProviderImpl.getInstance(Ljava/util/Locale;I)Ljava/text/NumberFormat;+48
j  sun.util.locale.provider.NumberFormatProviderImpl.getNumberInstance(Ljava/util/Locale;)Ljava/text/NumberFormat;+3
j  java.text.NumberFormat.getInstance(Lsun/util/locale/provider/LocaleProviderAdapter;Ljava/util/Locale;I)Ljava/text/NumberFormat;+46
j  java.text.NumberFormat.getInstance(Ljava/util/Locale;I)Ljava/text/NumberFormat;+10
j  java.text.NumberFormat.getNumberInstance(Ljava/util/Locale;)Ljava/text/NumberFormat;+2
j  java.util.Scanner.useLocale(Ljava/util/Locale;)Ljava/util/Scanner;+19
j  java.util.Scanner.<init>(Ljava/lang/Readable;Ljava/util/regex/Pattern;)V+244
j  java.util.Scanner.<init>(Ljava/io/InputStream;)V+12
j  Star_Pattern_Practices.Hour_Glass_1.goal()V+7
j  Star_Pattern_Practices.Hour_Glass_1.main([Ljava/lang/String;)V+0
v  ~StubRoutines::call_stub

---------------  P R O C E S S  ---------------

Java Threads: ( => current thread )
  0x0000000014f05000 JavaThread "Service Thread" daemon [_thread_blocked, id=17944, stack(0x00000000160d0000,0x00000000161d0000)]
  0x0000000014ef7000 JavaThread "C1 CompilerThread1" daemon [_thread_blocked, id=17900, stack(0x0000000015fd0000,0x00000000160d0000)]
  0x0000000014ea2800 JavaThread "C2 CompilerThread0" daemon [_thread_blocked, id=17852, stack(0x0000000015ed0000,0x0000000015fd0000)]
  0x0000000014ea0800 JavaThread "Attach Listener" daemon [_thread_blocked, id=17848, stack(0x0000000015dd0000,0x0000000015ed0000)]
  0x0000000014e9d000 JavaThread "Signal Dispatcher" daemon [_thread_blocked, id=17844, stack(0x0000000015cd0000,0x0000000015dd0000)]
  0x0000000002ba7800 JavaThread "Finalizer" daemon [_thread_blocked, id=17724, stack(0x0000000015ad0000,0x0000000015bd0000)]
  0x0000000014e88000 JavaThread "Reference Handler" daemon [_thread_blocked, id=17720, stack(0x00000000159d0000,0x0000000015ad0000)]
=>0x0000000002aae800 JavaThread "main" [_thread_in_native, id=17076, stack(0x0000000002790000,0x0000000002890000)]

Other Threads:
  0x0000000014e66800 VMThread [stack: 0x00000000158d0000,0x00000000159d0000] [id=17660]
  0x0000000014efc000 WatcherThread [stack: 0x00000000161d0000,0x00000000162d0000] [id=18028]

VM state:not at safepoint (normal execution)

VM Mutex/Monitor currently owned by a thread: None

heap address: 0x00000000c2c00000, size: 980 MB, Compressed Oops mode: 32-bit
Narrow klass base: 0x0000000000000000, Narrow klass shift: 3
Compressed class space size: 1073741824 Address: 0x0000000100000000

Heap:
 PSYoungGen      total 18432K, used 1269K [0x00000000eb980000, 0x00000000ece00000, 0x0000000100000000)
  eden space 15872K, 8% used [0x00000000eb980000,0x00000000ebabd740,0x00000000ec900000)
  from space 2560K, 0% used [0x00000000ecb80000,0x00000000ecb80000,0x00000000ece00000)
  to   space 2560K, 0% used [0x00000000ec900000,0x00000000ec900000,0x00000000ecb80000)
 ParOldGen       total 42496K, used 0K [0x00000000c2c00000, 0x00000000c5580000, 0x00000000eb980000)
  object space 42496K, 0% used [0x00000000c2c00000,0x00000000c2c00000,0x00000000c5580000)
 Metaspace       used 3166K, capacity 4486K, committed 4864K, reserved 1056768K
  class space    used 362K, capacity 386K, committed 512K, reserved 1048576K

Card table byte_map: [0x0000000011f70000,0x0000000012160000] byte_map_base: 0x000000001195a000

Marking Bits: (ParMarkBitMap*) 0x000000005e315ce0
 Begin Bits: [0x00000000124b0000, 0x0000000013400000)
 End Bits:   [0x0000000013400000, 0x0000000014350000)

Polling page: 0x0000000000db0000

CodeCache: size=245760Kb used=1172Kb max_used=1172Kb free=244587Kb
 bounds [0x0000000002bb0000, 0x0000000002e20000, 0x0000000011bb0000]
 total_blobs=281 nmethods=47 adapters=148
 compilation: enabled

Compilation events (10 events):
Event: 11.361 Thread 0x0000000014ef7000 nmethod 42 0x0000000002cd0750 code [0x0000000002cd08c0, 0x0000000002cd0b08]
Event: 11.361 Thread 0x0000000014ef7000   43  s    3       java.io.BufferedInputStream::read (49 bytes)
Event: 11.362 Thread 0x0000000014ef7000 nmethod 43 0x0000000002cd0bd0 code [0x0000000002cd0d60, 0x0000000002cd12b8]
Event: 11.362 Thread 0x0000000014ef7000   44       3       java.io.DataInputStream::readInt (72 bytes)
Event: 11.362 Thread 0x0000000014ef7000 nmethod 44 0x0000000002cd14d0 code [0x0000000002cd1680, 0x0000000002cd1be8]
Event: 11.400 Thread 0x0000000014ef7000   45       3       java.util.StringTokenizer::scanToken (179 bytes)
Event: 11.402 Thread 0x0000000014ef7000 nmethod 45 0x0000000002cd1e10 code [0x0000000002cd2080, 0x0000000002cd3378]
Event: 11.402 Thread 0x0000000014ef7000   47       3       java.util.StringTokenizer::skipDelimiters (116 bytes)
Event: 11.403 Thread 0x0000000014ef7000 nmethod 47 0x0000000002cd3ad0 code [0x0000000002cd3ce0, 0x0000000002cd4898]
Event: 11.403 Thread 0x0000000014ef7000   46       3       java.util.HashSet::add (20 bytes)

GC Heap History (0 events):
No events

Deoptimization events (0 events):
No events

Classes redefined (0 events):
No events

Internal exceptions (6 events):
Event: 3.953 Thread 0x0000000002aae800 Exception <a 'java/lang/NoSuchMethodError': Method sun.misc.Unsafe.defineClass(Ljava/lang/String;[BII)Ljava/lang/Class; name or signature does not match> (0x00000000eb987cb0) thrown at [C:\re\workspace\8-2-build-windows-amd64-cygwin\jdk8u202\12323\hotspot
Event: 3.953 Thread 0x0000000002aae800 Exception <a 'java/lang/NoSuchMethodError': Method sun.misc.Unsafe.prefetchRead(Ljava/lang/Object;J)V name or signature does not match> (0x00000000eb987f98) thrown at [C:\re\workspace\8-2-build-windows-amd64-cygwin\jdk8u202\12323\hotspot\src\share\vm\prim
Event: 11.223 Thread 0x0000000002aae800 Exception <a 'java/security/PrivilegedActionException'> (0x00000000eba0cb40) thrown at [C:\re\workspace\8-2-build-windows-amd64-cygwin\jdk8u202\12323\hotspot\src\share\vm\prims\jvm.cpp, line 1502]
Event: 11.223 Thread 0x0000000002aae800 Exception <a 'java/security/PrivilegedActionException'> (0x00000000eba0cf38) thrown at [C:\re\workspace\8-2-build-windows-amd64-cygwin\jdk8u202\12323\hotspot\src\share\vm\prims\jvm.cpp, line 1502]
Event: 11.226 Thread 0x0000000002aae800 Exception <a 'java/security/PrivilegedActionException'> (0x00000000eba11030) thrown at [C:\re\workspace\8-2-build-windows-amd64-cygwin\jdk8u202\12323\hotspot\src\share\vm\prims\jvm.cpp, line 1502]
Event: 11.226 Thread 0x0000000002aae800 Exception <a 'java/security/PrivilegedActionException'> (0x00000000eba11428) thrown at [C:\re\workspace\8-2-build-windows-amd64-cygwin\jdk8u202\12323\hotspot\src\share\vm\prims\jvm.cpp, line 1502]

Events (10 events):
Event: 11.402 loading class sun/util/resources/LocaleNamesBundle
Event: 11.402 loading class sun/util/resources/OpenListResourceBundle
Event: 11.402 loading class sun/util/resources/OpenListResourceBundle done
Event: 11.402 loading class sun/util/resources/LocaleNamesBundle done
Event: 11.402 loading class sun/util/resources/CurrencyNames done
Event: 11.403 loading class sun/util/resources/en/CurrencyNames_en_IN
Event: 11.403 loading class sun/util/resources/en/CurrencyNames_en_IN done
Event: 11.403 loading class java/util/HashMap$KeySet
Event: 11.403 loading class java/util/HashMap$KeySet done
Event: 11.403 loading class java/text/DecimalFormat


Dynamic libraries:
0x00007ff759bd0000 - 0x00007ff759c07000 	C:\Program Files\Java\jdk1.8.0_202\bin\javaw.exe
0x00007ffae9590000 - 0x00007ffae97a7000 	C:\WINDOWS\SYSTEM32\ntdll.dll
0x00007ffae8b50000 - 0x00007ffae8c14000 	C:\WINDOWS\System32\KERNEL32.DLL
0x00007ffae6d60000 - 0x00007ffae710c000 	C:\WINDOWS\System32\KERNELBASE.dll
0x00007ffae8a90000 - 0x00007ffae8b42000 	C:\WINDOWS\System32\ADVAPI32.dll
0x00007ffae8e10000 - 0x00007ffae8eb7000 	C:\WINDOWS\System32\msvcrt.dll
0x00007ffae8cb0000 - 0x00007ffae8d5a000 	C:\WINDOWS\System32\sechost.dll
0x00007ffae6cb0000 - 0x00007ffae6cd8000 	C:\WINDOWS\System32\bcrypt.dll
0x00007ffae7ac0000 - 0x00007ffae7bd5000 	C:\WINDOWS\System32\RPCRT4.dll
0x00007ffae72d0000 - 0x00007ffae747e000 	C:\WINDOWS\System32\USER32.dll
0x00007ffae68c0000 - 0x00007ffae68e6000 	C:\WINDOWS\System32\win32u.dll
0x00007ffae8c80000 - 0x00007ffae8ca9000 	C:\WINDOWS\System32\GDI32.dll
0x00007ffae6b90000 - 0x00007ffae6ca9000 	C:\WINDOWS\System32\gdi32full.dll
0x00007ffae7110000 - 0x00007ffae71aa000 	C:\WINDOWS\System32\msvcp_win.dll
0x00007ffae71b0000 - 0x00007ffae72c1000 	C:\WINDOWS\System32\ucrtbase.dll
0x00007ffae5aa0000 - 0x00007ffae5d33000 	C:\WINDOWS\WinSxS\amd64_microsoft.windows.common-controls_6595b64144ccf1df_6.0.22621.3672_none_2713b9d173822955\COMCTL32.dll
0x00007ffae9030000 - 0x00007ffae9061000 	C:\WINDOWS\System32\IMM32.DLL
0x000000005e3a0000 - 0x000000005e472000 	C:\Program Files\Java\jdk1.8.0_202\jre\bin\msvcr100.dll
0x000000005daf0000 - 0x000000005e395000 	C:\Program Files\Java\jdk1.8.0_202\jre\bin\server\jvm.dll
0x00007ffae9340000 - 0x00007ffae9348000 	C:\WINDOWS\System32\PSAPI.DLL
0x00007ffad7ed0000 - 0x00007ffad7ed9000 	C:\WINDOWS\SYSTEM32\WSOCK32.dll
0x00007ffae8d90000 - 0x00007ffae8e01000 	C:\WINDOWS\System32\WS2_32.dll
0x00007ffae5180000 - 0x00007ffae51b4000 	C:\WINDOWS\SYSTEM32\WINMM.dll
0x00007ffae2f10000 - 0x00007ffae2f1a000 	C:\WINDOWS\SYSTEM32\VERSION.dll
0x00007ffae60c0000 - 0x00007ffae60cf000 	C:\Program Files\Java\jdk1.8.0_202\jre\bin\verify.dll
0x00007ffae5210000 - 0x00007ffae5239000 	C:\Program Files\Java\jdk1.8.0_202\jre\bin\java.dll
0x00007ffae5810000 - 0x00007ffae5826000 	C:\Program Files\Java\jdk1.8.0_202\jre\bin\zip.dll
0x00007ffae7bf0000 - 0x00007ffae844c000 	C:\WINDOWS\System32\SHELL32.dll
0x00007ffae38f0000 - 0x00007ffae41e7000 	C:\WINDOWS\SYSTEM32\windows.storage.dll
0x00007ffae8700000 - 0x00007ffae8a88000 	C:\WINDOWS\System32\combase.dll
0x00007ffae37b0000 - 0x00007ffae38ef000 	C:\WINDOWS\SYSTEM32\wintypes.dll
0x00007ffae8600000 - 0x00007ffae86f4000 	C:\WINDOWS\System32\SHCORE.dll
0x00007ffae8f10000 - 0x00007ffae8f6e000 	C:\WINDOWS\System32\shlwapi.dll
0x00007ffae67f0000 - 0x00007ffae6811000 	C:\WINDOWS\SYSTEM32\profapi.dll

VM Arguments:
jvm_args: -Dfile.encoding=UTF-8 -Dstdout.encoding=UTF-8 -Dstderr.encoding=UTF-8 
java_command: Star_Pattern_Practices.Hour_Glass_1
java_class_path (initial): C:\Users\91629\OneDrive\Attachments\Java_Project\bin
Launcher Type: SUN_STANDARD

Environment Variables:
JAVA_HOME=C:\Program Files\Java\jdk1.8.0_202\bin
PATH=C:/Program Files/Java/jdk-20/bin/server;C:/Program Files/Java/jdk-20/bin;C:\Program Files (x86)\Common Files\Oracle\Java\javapath;C:\Program Files\Common Files\Oracle\Java\javapath;C:\WINDOWS\system32;C:\WINDOWS;C:\WINDOWS\System32\Wbem;C:\WINDOWS\System32\WindowsPowerShell\v1.0\;C:\WINDOWS\System32\OpenSSH\;C:\Recovery\OEM\Backup\;C:\Program Files\Java\jdk-20\bin;C:\WINDOWS\system32;C:\WINDOWS;C:\WINDOWS\System32\Wbem;C:\WINDOWS\System32\WindowsPowerShell\v1.0\;C:\WINDOWS\System32\OpenSSH\;C:\Program Files\Java\jdk-20\bin;C:\Program Files\Java\jdk-20;C:\Program Files\Git\cmd;C:\MinGW\bin;C:\mingw64\bin;C:\Program Files\Java\jdk1.8.0_202\bin;C:\Users\91629\AppData\Local\Microsoft\WindowsApps;C:\Program Files\Java\jdk-20\bin;C:\Windows\SysWOW64;C:\Windows\SysWOW64;C:\Users\91629\OneDrive\Desktop\bin;C:\Users\Administrator\ROBOT\IntelliJ IDEA Community Edition 2023.3.1\bin;;C:\Users\91629\AppData\Local\GitHubDesktop\bin;C:\Program Files\Java\jdk1.8.0_202\bin;C:\MinGW\mingw32\bin;C:\MinGW\bin;C:\Program Files\Java\jdk1.8.0_202\bin;C:\msys64\ucrt64\bin;C:\Program Files\Java\jdk1.8.0_202\bin;C:\MinGW\bin;C:\mingw64\bin;C:\Program Files\Java\jdk1.8.0_202\bin;;C:\Users\Administrator;
USERNAME=91629
OS=Windows_NT
PROCESSOR_IDENTIFIER=Intel64 Family 6 Model 122 Stepping 8, GenuineIntel



---------------  S Y S T E M  ---------------

OS: Windows 10.0 , 64 bit Build 22621 (10.0.22621.3672)

CPU:total 2 (initial active 2) (2 cores per cpu, 1 threads per core) family 6 model 122 stepping 8, cmov, cx8, fxsr, mmx, sse, sse2, sse3, ssse3, sse4.1, sse4.2, popcnt, aes, clmul, erms, 3dnowpref, tsc, tscinvbit

Memory: 4k page, physical 4010776k(234780k free), swap 16069400k(800k free)

vm_info: Java HotSpot(TM) 64-Bit Server VM (25.202-b08) for windows-amd64 JRE (1.8.0_202-b08), built on Dec 15 2018 19:54:30 by "java_re" with MS VC++ 10.0 (VS2010)

time: Thu Jul 25 18:59:26 2024
timezone: India Standard Time
elapsed time: 11 seconds (0d 0h 0m 11s)

